LoggerAnalyticsComponent/build/outputs/logs/manifest-merger-debug-report.txt
-- Merging decision tree log ---
manifest
ADDED from src/main/AndroidManifest.xml:15:1-26:12
INJECTED from src/main/AndroidManifest.xml:15:1-26:12
INJECTED from src/main/AndroidManifest.xml:15:1-26:12
INJECTED from src/main/AndroidManifest.xml:15:1-26:12
INJECTED from src/main/AndroidManifest.xml:15:1-26:12
INJECTED from src/main/AndroidManifest.xml:15:1-26:12
INJECTED from src/main/AndroidManifest.xml:15:1-26:12
	package
		ADDED from src/main/AndroidManifest.xml:16:11-48
		INJECTED from src/main/AndroidManifest.xml
		INJECTED from src/main/AndroidManifest.xml
	android:versionName
		INJECTED from src/main/AndroidManifest.xml
		ADDED from src/main/AndroidManifest.xml:15:1-26:12
		INJECTED from src/main/AndroidManifest.xml
	android:versionCode
		INJECTED from src/main/AndroidManifest.xml
		ADDED from src/main/AndroidManifest.xml:15:1-26:12
		INJECTED from src/main/AndroidManifest.xml
	xmlns:android
		ADDED from src/main/AndroidManifest.xml:15:11-69
application
ADDED from src/main/AndroidManifest.xml:18:5-24:19
	android:supportsRtl
		ADDED from src/main/AndroidManifest.xml:20:13-39
	android:allowBackup
		ADDED from src/main/AndroidManifest.xml:19:13-39
meta-data#AMZNAP@LoggerAnalytics
ADDED from src/main/AndroidManifest.xml:22:9-23:103
	android:value
		ADDED from src/main/AndroidManifest.xml:23:20-101
	android:name
		ADDED from src/main/AndroidManifest.xml:22:20-57
uses-sdk
INJECTED from src/main/AndroidManifest.xml reason: use-sdk injection requested
INJECTED from src/main/AndroidManifest.xml
INJECTED from src/main/AndroidManifest.xml
INJECTED from src/main/AndroidManifest.xml
INJECTED from src/main/AndroidManifest.xml
	android:targetSdkVersion
		INJECTED from src/main/AndroidManifest.xml
		ADDED from src/main/AndroidManifest.xml
		INJECTED from src/main/AndroidManifest.xml
	android:minSdkVersion
		INJECTED from src/main/AndroidManifest.xml
		ADDED from src/main/AndroidManifest.xml
		INJECTED from src/main/AndroidManifest.xml